2016-02-22 14:12:42 Error: [Cake\Routing\Exception\MissingControllerException] Controller class Plugins could not be found.
Exception Attributes: array (
  'class' => 'Plugins',
  'plugin' => NULL,
  'prefix' => NULL,
  '_ext' => NULL,
)
Request URL: /Cakephp-Bootstrap/plugins/latlon-picker/jquery-gmaps-latlon-picker.js
Referer URL: http://localhost/Cakephp-Bootstrap/
Stack Trace:
#0 C:\xampp\htdocs\Cakephp-Bootstrap\webroot\index.php(44): Cake\Routing\Dispatcher->dispatch(Object(Cake\Network\Request), Object(Cake\Network\Response))
#1 {main}


2016-02-22 14:13:38 Error: [Cake\Routing\Exception\MissingControllerException] Controller class Plugins could not be found.
Exception Attributes: array (
  'class' => 'Plugins',
  'plugin' => NULL,
  'prefix' => NULL,
  '_ext' => NULL,
)
Request URL: /Cakephp-Bootstrap/plugins/latlon-picker/jquery-gmaps-latlon-picker.js
Referer URL: http://localhost/Cakephp-Bootstrap/
Stack Trace:
#0 C:\xampp\htdocs\Cakephp-Bootstrap\webroot\index.php(44): Cake\Routing\Dispatcher->dispatch(Object(Cake\Network\Request), Object(Cake\Network\Response))
#1 {main}


2016-02-22 14:13:54 Error: [Cake\Routing\Exception\MissingControllerException] Controller class Plugins could not be found.
Exception Attributes: array (
  'class' => 'Plugins',
  'plugin' => NULL,
  'prefix' => NULL,
  '_ext' => NULL,
)
Request URL: /Cakephp-Bootstrap/plugins/latlon-picker/jquery-gmaps-latlon-picker.js
Referer URL: http://localhost/Cakephp-Bootstrap/
Stack Trace:
#0 C:\xampp\htdocs\Cakephp-Bootstrap\webroot\index.php(44): Cake\Routing\Dispatcher->dispatch(Object(Cake\Network\Request), Object(Cake\Network\Response))
#1 {main}


